<?xml version="1.0" encoding="UTF-8"?>
<!-- Generated by org.testng.reporters.JUnitReportReporter -->
<testsuite hostname="Vishal" failures="0" tests="4" name="api.test.UserTests" time="8.771" errors="0" timestamp="2024-04-21T00:50:45 IST" skipped="0">
  <testcase classname="api.test.UserTests" name="testPostUser" time="3.228"/>
  <system-out/>
  <testcase classname="api.test.UserTests" name="testGetUserByName" time="1.355"/>
  <system-out/>
  <testcase classname="api.test.UserTests" name="testUpdateUserByName" time="2.817"/>
  <system-out/>
  <testcase classname="api.test.UserTests" name="testDeleteUserByName" time="1.371"/>
  <system-out/>
</testsuite> <!-- api.test.UserTests -->
