<?xml version="1.0" encoding="UTF-8"?>
<!-- Generated by org.testng.reporters.JUnitReportReporter -->
<testsuite hostname="Vishal" failures="0" tests="6" name="api.test.DDTests" time="11.289" errors="0" timestamp="2024-04-20T22:13:04 IST" skipped="0">
  <testcase classname="api.test.DDTests" name="testPostuser" time="2.263"/>
  <system-out/>
  <testcase classname="api.test.DDTests" name="testPostuser" time="3.225"/>
  <system-out/>
  <testcase classname="api.test.DDTests" name="testPostuser" time="1.700"/>
  <system-out/>
  <testcase classname="api.test.DDTests" name="testDeleteUserByName" time="1.399"/>
  <system-out/>
  <testcase classname="api.test.DDTests" name="testDeleteUserByName" time="1.356"/>
  <system-out/>
  <testcase classname="api.test.DDTests" name="testDeleteUserByName" time="1.346"/>
  <system-out/>
</testsuite> <!-- api.test.DDTests -->
