<?xml version="1.0" encoding="UTF-8"?>
<!-- Generated by org.testng.reporters.JUnitReportReporter -->
<testsuite hostname="Vishal" failures="0" tests="4" name="api.test.UserTests2" time="10.164" errors="0" timestamp="2024-04-21T01:44:28 IST" skipped="0">
  <testcase classname="api.test.UserTests2" name="testPostUser" time="3.272"/>
  <system-out/>
  <testcase classname="api.test.UserTests2" name="testGetUserByName" time="1.382"/>
  <system-out/>
  <testcase classname="api.test.UserTests2" name="testUpdateUserByName" time="3.401"/>
  <system-out/>
  <testcase classname="api.test.UserTests2" name="testDeleteUserByName" time="2.109"/>
  <system-out/>
</testsuite> <!-- api.test.UserTests2 -->
