<?xml version="1.0" encoding="UTF-8"?>
<!-- Generated by org.testng.reporters.JUnitReportReporter -->
<testsuite hostname="Vishal" failures="0" tests="4" name="api.test.UserTests" time="7.195" errors="0" timestamp="2024-04-21T02:42:40 IST" skipped="0">
  <testcase classname="api.test.UserTests" name="testPostUser" time="1.360"/>
  <system-out/>
  <testcase classname="api.test.UserTests" name="testGetUserByName" time="1.379"/>
  <system-out/>
  <testcase classname="api.test.UserTests" name="testUpdateUserByName" time="2.680"/>
  <system-out/>
  <testcase classname="api.test.UserTests" name="testDeleteUserByName" time="1.776"/>
  <system-out/>
</testsuite> <!-- api.test.UserTests -->
