<?xml version="1.0" encoding="UTF-8"?>
<!-- Generated by org.testng.reporters.JUnitReportReporter -->
<testsuite hostname="Vishal" failures="0" tests="6" name="api.test.DDTests" time="10.138" errors="0" timestamp="2024-04-21T02:42:40 IST" skipped="0">
  <testcase classname="api.test.DDTests" name="testPostuser" time="2.986"/>
  <system-out/>
  <testcase classname="api.test.DDTests" name="testPostuser" time="1.353"/>
  <system-out/>
  <testcase classname="api.test.DDTests" name="testPostuser" time="1.481"/>
  <system-out/>
  <testcase classname="api.test.DDTests" name="testDeleteUserByName" time="1.416"/>
  <system-out/>
  <testcase classname="api.test.DDTests" name="testDeleteUserByName" time="1.451"/>
  <system-out/>
  <testcase classname="api.test.DDTests" name="testDeleteUserByName" time="1.451"/>
  <system-out/>
</testsuite> <!-- api.test.DDTests -->
